{"name": "test_Credkart_login_002", "status": "broken", "statusDetails": {"message": "selenium.common.exceptions.TimeoutException: Message: \nStacktrace:\nSymbols not available. Dumping unresolved backtrace:\n\t0x7ff7502887d5\n\t0x7ff7501f8e44\n\t0x7ff7505e31f2\n\t0x7ff750052d9e\n\t0x7ff750052ffb\n\t0x7ff75008e917\n\t0x7ff75004a2e5\n\t0x7ff75008c8de\n\t0x7ff75004982a\n\t0x7ff750048b33\n\t0x7ff750049653\n\t0x7ff7501322e4\n\t0x7ff75014109c\n\t0x7ff75013ac7f\n\t0x7ff750319b37\n\t0x7ff7502046a6\n\t0x7ff7501feab4\n\t0x7ff7501febf9\n\t0x7ff7501f2cbd\n\t0x7ff973c4e8d7\n\t0x7ff975e4c53c", "trace": "self = <testCases.test_Credkart_User_Profile_001.Test_User_Profile object at 0x000001C2D04DE5D0>\n\n    @allure.title(\"test_Credkart_login_002\")\n    @allure.severity(allure.severity_level.NORMAL)\n    @allure.epic(\"Epic: Userprofile: user login\")\n    @allure.description(\"This testcases is to validate CredKart website  user login\")\n    @allure.link(login_url)\n    @allure.issue(\"user login\")\n    @allure.story(\"CredKart : User login\")\n    @pytest.mark.smoke\n    @pytest.mark.flaky(reruns=1, rerun_delay=1)\n    #@pytest.mark.dependency(depends=[\"test_verify_Credkart_url_001\"])\n    @pytest.mark.order(2)\n    def test_Credkart_login_002(self):\n        self.log.info(\"Testcase test_Credkart_login_002 is started\")\n        self.driver.get(self.login_url)\n        self.log.info(f\"Opening browser and getting {self.login_url}\")\n    \n        # email_id = \"Credencetest@test.com\"\n        # pass_word = \"Credence@123\"\n        self.lp = Login_Page_Class(self.driver) # login page class object, and now we can access the methods\n    \n        # Enter Username\n        # email = self.driver.find_element(By.XPATH, \"//input[@id='email']\")\n        # email.send_keys(email_id)\n        self.log.info(f\"Entering the Email {self.email}\")\n>       self.lp.Enter_Email(self.email)\n\ntestCases\\test_Credkart_User_Profile_001.py:103: \n_ _ _ _ _ _ _ _ _ _ _ _ _ _ _ _ _ _ _ _ _ _ _ _ _ _ _ _ _ _ _ _ _ _ _ _ _ _ _ _\npageObjects\\Login_Page.py:18: in Enter_Email\n    self.wait.until(expected_conditions.visibility_of_element_located((By.ID, self.text_email_id)))\n_ _ _ _ _ _ _ _ _ _ _ _ _ _ _ _ _ _ _ _ _ _ _ _ _ _ _ _ _ _ _ _ _ _ _ _ _ _ _ _\n\nself = <selenium.webdriver.support.wait.WebDriverWait (session=\"f5d7869262ac119732af538061200c5c\")>\nmethod = <function visibility_of_element_located.<locals>._predicate at 0x000001C2D19852D0>\nmessage = ''\n\n    def until(self, method: Callable[[D], Literal[False] | T], message: str = \"\") -> T:\n        \"\"\"Wait until the method returns a value that is not False.\n    \n        Calls the method provided with the driver as an argument until the\n        return value does not evaluate to ``False``.\n    \n        Args:\n            method: A callable object that takes a WebDriver instance as an\n                argument.\n            message: Optional message for TimeoutException.\n    \n        Returns:\n            The result of the last call to `method`.\n    \n        Raises:\n            TimeoutException: If 'method' does not return a truthy value within\n                the WebDriverWait object's timeout.\n    \n        Example:\n            >>> from selenium.webdriver.common.by import By\n            >>> from selenium.webdriver.support.ui import WebDriverWait\n            >>> from selenium.webdriver.support import expected_conditions as EC\n            >>>\n            >>> # Wait until an element is visible on the page\n            >>> wait = WebDriverWait(driver, 10)\n            >>> element = wait.until(EC.visibility_of_element_located((By.ID, \"exampleId\")))\n            >>> print(element.text)\n        \"\"\"\n        screen = None\n        stacktrace = None\n    \n        end_time = time.monotonic() + self._timeout\n        while True:\n            try:\n                value = method(self._driver)\n                if value:\n                    return value\n            except self._ignored_exceptions as exc:\n                screen = getattr(exc, \"screen\", None)\n                stacktrace = getattr(exc, \"stacktrace\", None)\n            if time.monotonic() > end_time:\n                break\n            time.sleep(self._poll)\n>       raise TimeoutException(message, screen, stacktrace)\nE       selenium.common.exceptions.TimeoutException: Message: \nE       Stacktrace:\nE       Symbols not available. Dumping unresolved backtrace:\nE       \t0x7ff7502887d5\nE       \t0x7ff7501f8e44\nE       \t0x7ff7505e31f2\nE       \t0x7ff750052d9e\nE       \t0x7ff750052ffb\nE       \t0x7ff75008e917\nE       \t0x7ff75004a2e5\nE       \t0x7ff75008c8de\nE       \t0x7ff75004982a\nE       \t0x7ff750048b33\nE       \t0x7ff750049653\nE       \t0x7ff7501322e4\nE       \t0x7ff75014109c\nE       \t0x7ff75013ac7f\nE       \t0x7ff750319b37\nE       \t0x7ff7502046a6\nE       \t0x7ff7501feab4\nE       \t0x7ff7501febf9\nE       \t0x7ff7501f2cbd\nE       \t0x7ff973c4e8d7\nE       \t0x7ff975e4c53c\n\nC:\\Users\\suchi\\AppData\\Local\\Programs\\Python\\Python314\\Lib\\site-packages\\selenium\\webdriver\\support\\wait.py:121: TimeoutException"}, "description": "This testcases is to validate CredKart website  user login", "attachments": [{"name": "log", "source": "ca488f97-2070-4105-b05b-8b1d1d5b6255-attachment.txt", "type": "text/plain"}, {"name": "stdout", "source": "e0317a68-5876-44d1-aaf8-d09f981baf73-attachment.txt", "type": "text/plain"}], "start": 1769924109195, "stop": 1769924114736, "uuid": "5e6def5f-0c19-413f-ac83-73757347b15e", "historyId": "c427c087e16384e881e60caa6190a7db", "testCaseId": "c427c087e16384e881e60caa6190a7db", "fullName": "testCases.test_Credkart_User_Profile_001.Test_User_Profile#test_Credkart_login_002", "labels": [{"name": "severity", "value": "normal"}, {"name": "epic", "value": "Epic: Userprofile: user login"}, {"name": "story", "value": "CredKart : User login"}, {"name": "tag", "value": "smoke"}, {"name": "parentSuite", "value": "testCases"}, {"name": "suite", "value": "test_Credkart_User_Profile_001"}, {"name": "subSuite", "value": "Test_User_Profile"}, {"name": "host", "value": "Suchi"}, {"name": "thread", "value": "12168-MainThread"}, {"name": "framework", "value": "pytest"}, {"name": "language", "value": "cpython3"}, {"name": "package", "value": "testCases.test_Credkart_User_Profile_001"}], "links": [{"type": "issue", "url": "user login", "name": "user login"}, {"type": "link", "url": "https://automation.credence.in/login", "name": "https://automation.credence.in/login"}], "titlePath": ["testCases", "test_Credkart_User_Profile_001.py", "Test_User_Profile"]}