{"name": "test_Credkart_login_excel_ddt_004", "status": "broken", "statusDetails": {"message": "selenium.common.exceptions.TimeoutException: Message: \nStacktrace:\nSymbols not available. Dumping unresolved backtrace:\n\t0x7ff73c13a535\n\t0x7ff73c13a590\n\t0x7ff73bee10bd\n\t0x7ff73bf3c48e\n\t0x7ff73bf3c79c\n\t0x7ff73bf8d3a7\n\t0x7ff73bf89ef5\n\t0x7ff73bf2cc9c\n\t0x7ff73bf2dbe3\n\t0x7ff73c417b60\n\t0x7ff73c411f5d\n\t0x7ff73c43311a\n\t0x7ff73c1560a5\n\t0x7ff73c15e73c\n\t0x7ff73c143844\n\t0x7ff73c1439f6\n\t0x7ff73c129a07\n\t0x7ff973c4e8d7\n\t0x7ff975e4c53c", "trace": "self = <testCases.test_Credkart_Login_Excel_002.Test_User_Profile object at 0x00000217120CDD10>\n\n    @allure.title(\"test_Credkart_login_excel_ddt_004\")\n    @allure.severity(allure.severity_level.CRITICAL)\n    @allure.epic(\"Epic: Userprofile: user login DDT\")\n    @allure.description(\"This testcases is to validate CredKart website user login\")\n    @allure.link(login_url)\n    @allure.issue(\"user login\")\n    @allure.story(\"CredKart : User login\")\n    @pytest.mark.smoke\n    @pytest.mark.flaky(reruns = 1, rerun_delay = 1)\n    #@pytest.mark.dependency(depends=[\"test_verify_Credkart_url_001\"])\n    @pytest.mark.order(4)\n    def test_Credkart_login_excel_ddt_004(self):\n        self.log.info(\"Testcase test_Credkart_login_excel_ddt_004 is started\")\n        self.lp = Login_Page_Class(self.driver) # login page class object, and now we can access the methods\n        self.log.info(\"Reading data from excel\")\n        self.rows = Excel_methods.get_count_rows(self.excel_path, self.sheet_name)\n        self.log.info(f\"Number of rows in excel is {self.rows}\")\n    \n        result_list = []\n        for i in range(2,self.rows +1):\n            self.driver.get(self.login_url)\n            self.log.info(f\"Opening browser and getting {self.login_url}\")\n            self.email = Excel_methods.read_data_from_excel(self.excel_path, self.sheet_name,i, 2)\n            self.password = Excel_methods.read_data_from_excel(self.excel_path, self.sheet_name,i, 3)\n            self.expected_result = Excel_methods.read_data_from_excel(self.excel_path, self.sheet_name,i, 4)\n    \n            self.log.info(f\"Entering the Email {self.email}\")\n>           self.lp.Enter_Email(self.email)\n\ntestCases\\test_Credkart_Login_Excel_002.py:50: \n_ _ _ _ _ _ _ _ _ _ _ _ _ _ _ _ _ _ _ _ _ _ _ _ _ _ _ _ _ _ _ _ _ _ _ _ _ _ _ _\npageObjects\\Login_Page.py:18: in Enter_Email\n    self.wait.until(expected_conditions.visibility_of_element_located((By.ID, self.text_email_id)))\n_ _ _ _ _ _ _ _ _ _ _ _ _ _ _ _ _ _ _ _ _ _ _ _ _ _ _ _ _ _ _ _ _ _ _ _ _ _ _ _\n\nself = <selenium.webdriver.support.wait.WebDriverWait (session=\"25b6f62206a5daea63f92849bb18ff69\")>\nmethod = <function visibility_of_element_located.<locals>._predicate at 0x0000021713600EB0>\nmessage = ''\n\n    def until(self, method: Callable[[D], Literal[False] | T], message: str = \"\") -> T:\n        \"\"\"Wait until the method returns a value that is not False.\n    \n        Calls the method provided with the driver as an argument until the\n        return value does not evaluate to ``False``.\n    \n        Args:\n            method: A callable object that takes a WebDriver instance as an\n                argument.\n            message: Optional message for TimeoutException.\n    \n        Returns:\n            The result of the last call to `method`.\n    \n        Raises:\n            TimeoutException: If 'method' does not return a truthy value within\n                the WebDriverWait object's timeout.\n    \n        Example:\n            >>> from selenium.webdriver.common.by import By\n            >>> from selenium.webdriver.support.ui import WebDriverWait\n            >>> from selenium.webdriver.support import expected_conditions as EC\n            >>>\n            >>> # Wait until an element is visible on the page\n            >>> wait = WebDriverWait(driver, 10)\n            >>> element = wait.until(EC.visibility_of_element_located((By.ID, \"exampleId\")))\n            >>> print(element.text)\n        \"\"\"\n        screen = None\n        stacktrace = None\n    \n        end_time = time.monotonic() + self._timeout\n        while True:\n            try:\n                value = method(self._driver)\n                if value:\n                    return value\n            except self._ignored_exceptions as exc:\n                screen = getattr(exc, \"screen\", None)\n                stacktrace = getattr(exc, \"stacktrace\", None)\n            if time.monotonic() > end_time:\n                break\n            time.sleep(self._poll)\n>       raise TimeoutException(message, screen, stacktrace)\nE       selenium.common.exceptions.TimeoutException: Message: \nE       Stacktrace:\nE       Symbols not available. Dumping unresolved backtrace:\nE       \t0x7ff73c13a535\nE       \t0x7ff73c13a590\nE       \t0x7ff73bee10bd\nE       \t0x7ff73bf3c48e\nE       \t0x7ff73bf3c79c\nE       \t0x7ff73bf8d3a7\nE       \t0x7ff73bf89ef5\nE       \t0x7ff73bf2cc9c\nE       \t0x7ff73bf2dbe3\nE       \t0x7ff73c417b60\nE       \t0x7ff73c411f5d\nE       \t0x7ff73c43311a\nE       \t0x7ff73c1560a5\nE       \t0x7ff73c15e73c\nE       \t0x7ff73c143844\nE       \t0x7ff73c1439f6\nE       \t0x7ff73c129a07\nE       \t0x7ff973c4e8d7\nE       \t0x7ff975e4c53c\n\nC:\\Users\\suchi\\AppData\\Local\\Programs\\Python\\Python314\\Lib\\site-packages\\selenium\\webdriver\\support\\wait.py:121: TimeoutException"}, "description": "This testcases is to validate CredKart website user login", "attachments": [{"name": "log", "source": "ff700f59-1a1d-4d7f-967b-7713bf1f1c14-attachment.txt", "type": "text/plain"}, {"name": "stdout", "source": "4901e282-271a-4c7a-8a7a-fd42d1cb2928-attachment.txt", "type": "text/plain"}], "start": 1769923996960, "stop": 1769924002517, "uuid": "7b0ee358-eae7-4dcd-a6f8-c3ef2de6214a", "historyId": "86bb355d5c3c71ca0c2a4661b6df34c0", "testCaseId": "86bb355d5c3c71ca0c2a4661b6df34c0", "fullName": "testCases.test_Credkart_Login_Excel_002.Test_User_Profile#test_Credkart_login_excel_ddt_004", "labels": [{"name": "story", "value": "CredKart : User login"}, {"name": "epic", "value": "Epic: Userprofile: user login DDT"}, {"name": "severity", "value": "critical"}, {"name": "tag", "value": "smoke"}, {"name": "parentSuite", "value": "testCases"}, {"name": "suite", "value": "test_Credkart_Login_Excel_002"}, {"name": "subSuite", "value": "Test_User_Profile"}, {"name": "host", "value": "Suchi"}, {"name": "thread", "value": "18804-MainThread"}, {"name": "framework", "value": "pytest"}, {"name": "language", "value": "cpython3"}, {"name": "package", "value": "testCases.test_Credkart_Login_Excel_002"}], "links": [{"type": "issue", "url": "user login", "name": "user login"}, {"type": "link", "url": "https://automation.credence.in/login", "name": "https://automation.credence.in/login"}], "titlePath": ["testCases", "test_Credkart_Login_Excel_002.py", "Test_User_Profile"]}