{"name": "test_Credkart_login_002", "status": "broken", "statusDetails": {"message": "selenium.common.exceptions.TimeoutException: Message: \nStacktrace:\nRemoteError@chrome://remote/content/shared/RemoteError.sys.mjs:8:8\nWebDriverError@chrome://remote/content/shared/webdriver/Errors.sys.mjs:202:5\nNoSuchElementError@chrome://remote/content/shared/webdriver/Errors.sys.mjs:555:5\ndom.find/</<@chrome://remote/content/shared/DOM.sys.mjs:136:16", "trace": "self = <testCases.test_Credkart_User_Profile_001.Test_User_Profile object at 0x00000221C1E4E5D0>\n\n    @allure.title(\"test_Credkart_login_002\")\n    @allure.severity(allure.severity_level.NORMAL)\n    @allure.epic(\"Epic: Userprofile: user login\")\n    @allure.description(\"This testcases is to validate CredKart website  user login\")\n    @allure.link(login_url)\n    @allure.issue(\"user login\")\n    @allure.story(\"CredKart : User login\")\n    @pytest.mark.smoke\n    @pytest.mark.flaky(reruns=1, rerun_delay=1)\n    #@pytest.mark.dependency(depends=[\"test_verify_Credkart_url_001\"])\n    @pytest.mark.order(2)\n    def test_Credkart_login_002(self):\n        self.log.info(\"Testcase test_Credkart_login_002 is started\")\n        self.driver.get(self.login_url)\n        self.log.info(f\"Opening browser and getting {self.login_url}\")\n    \n        # email_id = \"Credencetest@test.com\"\n        # pass_word = \"Credence@123\"\n        self.lp = Login_Page_Class(self.driver) # login page class object, and now we can access the methods\n    \n        # Enter Username\n        # email = self.driver.find_element(By.XPATH, \"//input[@id='email']\")\n        # email.send_keys(email_id)\n        self.log.info(f\"Entering the Email {self.email}\")\n>       self.lp.Enter_Email(self.email)\n\ntestCases\\test_Credkart_User_Profile_001.py:103: \n_ _ _ _ _ _ _ _ _ _ _ _ _ _ _ _ _ _ _ _ _ _ _ _ _ _ _ _ _ _ _ _ _ _ _ _ _ _ _ _\npageObjects\\Login_Page.py:18: in Enter_Email\n    self.wait.until(expected_conditions.visibility_of_element_located((By.ID, self.text_email_id)))\n_ _ _ _ _ _ _ _ _ _ _ _ _ _ _ _ _ _ _ _ _ _ _ _ _ _ _ _ _ _ _ _ _ _ _ _ _ _ _ _\n\nself = <selenium.webdriver.support.wait.WebDriverWait (session=\"c2590080-302f-4868-b365-94957f5bce11\")>\nmethod = <function visibility_of_element_located.<locals>._predicate at 0x00000221C32F9220>\nmessage = ''\n\n    def until(self, method: Callable[[D], Literal[False] | T], message: str = \"\") -> T:\n        \"\"\"Wait until the method returns a value that is not False.\n    \n        Calls the method provided with the driver as an argument until the\n        return value does not evaluate to ``False``.\n    \n        Args:\n            method: A callable object that takes a WebDriver instance as an\n                argument.\n            message: Optional message for TimeoutException.\n    \n        Returns:\n            The result of the last call to `method`.\n    \n        Raises:\n            TimeoutException: If 'method' does not return a truthy value within\n                the WebDriverWait object's timeout.\n    \n        Example:\n            >>> from selenium.webdriver.common.by import By\n            >>> from selenium.webdriver.support.ui import WebDriverWait\n            >>> from selenium.webdriver.support import expected_conditions as EC\n            >>>\n            >>> # Wait until an element is visible on the page\n            >>> wait = WebDriverWait(driver, 10)\n            >>> element = wait.until(EC.visibility_of_element_located((By.ID, \"exampleId\")))\n            >>> print(element.text)\n        \"\"\"\n        screen = None\n        stacktrace = None\n    \n        end_time = time.monotonic() + self._timeout\n        while True:\n            try:\n                value = method(self._driver)\n                if value:\n                    return value\n            except self._ignored_exceptions as exc:\n                screen = getattr(exc, \"screen\", None)\n                stacktrace = getattr(exc, \"stacktrace\", None)\n            if time.monotonic() > end_time:\n                break\n            time.sleep(self._poll)\n>       raise TimeoutException(message, screen, stacktrace)\nE       selenium.common.exceptions.TimeoutException: Message: \nE       Stacktrace:\nE       RemoteError@chrome://remote/content/shared/RemoteError.sys.mjs:8:8\nE       WebDriverError@chrome://remote/content/shared/webdriver/Errors.sys.mjs:202:5\nE       NoSuchElementError@chrome://remote/content/shared/webdriver/Errors.sys.mjs:555:5\nE       dom.find/</<@chrome://remote/content/shared/DOM.sys.mjs:136:16\n\nC:\\Users\\suchi\\AppData\\Local\\Programs\\Python\\Python314\\Lib\\site-packages\\selenium\\webdriver\\support\\wait.py:121: TimeoutException"}, "description": "This testcases is to validate CredKart website  user login", "attachments": [{"name": "log", "source": "c6b59509-aed1-4082-9232-b7d9510b9502-attachment.txt", "type": "text/plain"}, {"name": "stdout", "source": "68602491-fd92-4831-b6c2-0c446fed437c-attachment.txt", "type": "text/plain"}], "start": 1769924054217, "stop": 1769924059764, "uuid": "a5266b56-43c4-42c2-978e-e58259326787", "historyId": "c427c087e16384e881e60caa6190a7db", "testCaseId": "c427c087e16384e881e60caa6190a7db", "fullName": "testCases.test_Credkart_User_Profile_001.Test_User_Profile#test_Credkart_login_002", "labels": [{"name": "epic", "value": "Epic: Userprofile: user login"}, {"name": "story", "value": "CredKart : User login"}, {"name": "severity", "value": "normal"}, {"name": "tag", "value": "smoke"}, {"name": "parentSuite", "value": "testCases"}, {"name": "suite", "value": "test_Credkart_User_Profile_001"}, {"name": "subSuite", "value": "Test_User_Profile"}, {"name": "host", "value": "Suchi"}, {"name": "thread", "value": "14784-MainThread"}, {"name": "framework", "value": "pytest"}, {"name": "language", "value": "cpython3"}, {"name": "package", "value": "testCases.test_Credkart_User_Profile_001"}], "links": [{"type": "issue", "url": "user login", "name": "user login"}, {"type": "link", "url": "https://automation.credence.in/login", "name": "https://automation.credence.in/login"}], "titlePath": ["testCases", "test_Credkart_User_Profile_001.py", "Test_User_Profile"]}