{"uid":"17e157cc05291cc8","name":"test_Credkart_login_excel_ddt_004","fullName":"testCases.test_Credkart_Login_Excel_002.Test_User_Profile#test_Credkart_login_excel_ddt_004","historyId":"86bb355d5c3c71ca0c2a4661b6df34c0","time":{"start":1769924098314,"stop":1769924130713,"duration":32399},"description":"This testcases is to validate CredKart website user login","descriptionHtml":"<p>This testcases is to validate CredKart website user login</p>\n","status":"passed","flaky":false,"newFailed":false,"newBroken":false,"newPassed":false,"retriesCount":9,"retriesStatusChange":true,"beforeStages":[{"name":"_session_faker","time":{"start":1769924093753,"stop":1769924094100,"duration":347},"status":"passed","steps":[],"attachments":[],"parameters":[],"hasContent":false,"attachmentsCount":0,"shouldDisplayMessage":false,"attachmentStep":false,"stepsCount":0},{"name":"browser_setup","time":{"start":1769924094100,"stop":1769924098301,"duration":4201},"status":"passed","steps":[],"attachments":[],"parameters":[],"hasContent":false,"attachmentsCount":0,"shouldDisplayMessage":false,"attachmentStep":false,"stepsCount":0}],"testStage":{"description":"This testcases is to validate CredKart website user login","status":"passed","steps":[],"attachments":[{"uid":"c084ce4b688a4221","name":"2524c0a8-154a-4a91-a011-e76a95b42b40-attachment.png","source":"c084ce4b688a4221.png","type":"image/png","size":272941},{"uid":"daec1d027bb014c0","name":"e5989321-5bd5-4154-b772-16d1ef2fa1a3-attachment.png","source":"daec1d027bb014c0.png","type":"image/png","size":46007},{"uid":"17b7bc596bd4005b","name":"a01a368f-c8e4-4661-a146-18a00ce814ab-attachment.png","source":"17b7bc596bd4005b.png","type":"image/png","size":45930},{"uid":"a4a4d0c182552e4c","name":"ef1ecc75-9fa5-4628-be18-3b04410f48e4-attachment.png","source":"a4a4d0c182552e4c.png","type":"image/png","size":45913},{"uid":"73c69cb537ba5ad2","name":"log","source":"73c69cb537ba5ad2.txt","type":"text/plain","size":3390},{"uid":"34b37c8f73131986","name":"stdout","source":"34b37c8f73131986.txt","type":"text/plain","size":38}],"parameters":[],"hasContent":true,"attachmentsCount":6,"shouldDisplayMessage":false,"attachmentStep":false,"stepsCount":0},"afterStages":[{"name":"browser_setup::0","time":{"start":1769924130714,"stop":1769924133569,"duration":2855},"status":"passed","steps":[],"attachments":[],"parameters":[],"hasContent":false,"attachmentsCount":0,"shouldDisplayMessage":false,"attachmentStep":false,"stepsCount":0}],"labels":[{"name":"story","value":"CredKart : User login"},{"name":"epic","value":"Epic: Userprofile: user login DDT"},{"name":"severity","value":"critical"},{"name":"tag","value":"smoke"},{"name":"parentSuite","value":"testCases"},{"name":"suite","value":"test_Credkart_Login_Excel_002"},{"name":"subSuite","value":"Test_User_Profile"},{"name":"host","value":"Suchi"},{"name":"thread","value":"17836-MainThread"},{"name":"framework","value":"pytest"},{"name":"language","value":"cpython3"},{"name":"package","value":"testCases.test_Credkart_Login_Excel_002"},{"name":"resultFormat","value":"allure2"}],"parameters":[],"links":[{"name":"user login","url":"user login","type":"issue"},{"name":"https://automation.credence.in/login","url":"https://automation.credence.in/login","type":"link"}],"hidden":false,"retry":false,"extra":{"severity":"critical","retries":[{"uid":"3902a4b1f352cc","status":"passed","time":{"start":1769924053474,"stop":1769924075550,"duration":22076}},{"uid":"98e53e8085b990cc","status":"broken","statusDetails":"selenium.common.exceptions.TimeoutException: Message: \nStacktrace:\nSymbols not available. Dumping unresolved backtrace:\n\t0x7ff73c13a535\n\t0x7ff73c13a590\n\t0x7ff73bee10bd\n\t0x7ff73bf3c48e\n\t0x7ff73bf3c79c\n\t0x7ff73bf8d3a7\n\t0x7ff73bf89ef5\n\t0x7ff73bf2cc9c\n\t0x7ff73bf2dbe3\n\t0x7ff73c417b60\n\t0x7ff73c411f5d\n\t0x7ff73c43311a\n\t0x7ff73c1560a5\n\t0x7ff73c15e73c\n\t0x7ff73c143844\n\t0x7ff73c1439f6\n\t0x7ff73c129a07\n\t0x7ff973c4e8d7\n\t0x7ff975e4c53c","time":{"start":1769923996960,"stop":1769924002517,"duration":5557}},{"uid":"ff356028e015ea9a","status":"broken","statusDetails":"selenium.common.exceptions.ElementNotInteractableException: Message: element not interactable\n  (Session info: chrome=144.0.7559.110); For documentation on this error, please visit: https://www.selenium.dev/documentation/webdriver/troubleshooting/errors#elementnotinteractableexception\nStacktrace:\nSymbols not available. Dumping unresolved backtrace:\n\t0x7ff73c13a535\n\t0x7ff73c13a590\n\t0x7ff73bee0ea6\n\t0x7ff73bf3da64\n\t0x7ff73bf2f076\n\t0x7ff73bf65a3a\n\t0x7ff73bf2e8f6\n\t0x7ff73bf89ef5\n\t0x7ff73bf2cc9c\n\t0x7ff73bf2dbe3\n\t0x7ff73c417b60\n\t0x7ff73c411f5d\n\t0x7ff73c43311a\n\t0x7ff73c1560a5\n\t0x7ff73c15e73c\n\t0x7ff73c143844\n\t0x7ff73c1439f6\n\t0x7ff73c129a07\n\t0x7ff973c4e8d7\n\t0x7ff975e4c53c","time":{"start":1769923984694,"stop":1769923995599,"duration":10905}},{"uid":"ef927f01ad4993c5","status":"passed","time":{"start":1769764282516,"stop":1769764306426,"duration":23910}},{"uid":"2d2fc0a182bf1c01","status":"broken","statusDetails":"selenium.common.exceptions.NoSuchElementException: Message: no such element: Unable to locate element: {\"method\":\"css selector\",\"selector\":\"[id=\"email\"]\"}\n  (Session info: chrome=144.0.7559.97); For documentation on this error, please visit: https://www.selenium.dev/documentation/webdriver/troubleshooting/errors#nosuchelementexception\nStacktrace:\nSymbols not available. Dumping unresolved backtrace:\n\t0x7ff781b9a545\n\t0x7ff781b9a5a0\n\t0x7ff781940fed\n\t0x7ff78199c6d2\n\t0x7ff78199c9dc\n\t0x7ff7819ed5b7\n\t0x7ff7819ea10c\n\t0x7ff78198cedc\n\t0x7ff78198de23\n\t0x7ff781e78bb0\n\t0x7ff781e72fbd\n\t0x7ff781e9420a\n\t0x7ff781bb6e15\n\t0x7ff781bbf4dc\n\t0x7ff781ba3e54\n\t0x7ff781ba4006\n\t0x7ff781b89e27\n\t0x7ff85b90e8d7\n\t0x7ff85ceac53c","time":{"start":1769739472768,"stop":1769739478216,"duration":5448}},{"uid":"8587966c5995d61f","status":"broken","statusDetails":"selenium.common.exceptions.ElementNotInteractableException: Message: element not interactable\n  (Session info: chrome=144.0.7559.97); For documentation on this error, please visit: https://www.selenium.dev/documentation/webdriver/troubleshooting/errors#elementnotinteractableexception\nStacktrace:\nSymbols not available. Dumping unresolved backtrace:\n\t0x7ff781b9a545\n\t0x7ff781b9a5a0\n\t0x7ff781940dd6\n\t0x7ff78199dca4\n\t0x7ff78198f2b6\n\t0x7ff7819c5c9a\n\t0x7ff78198eb36\n\t0x7ff7819ea10c\n\t0x7ff78198cedc\n\t0x7ff78198de23\n\t0x7ff781e78bb0\n\t0x7ff781e72fbd\n\t0x7ff781e9420a\n\t0x7ff781bb6e15\n\t0x7ff781bbf4dc\n\t0x7ff781ba3e54\n\t0x7ff781ba4006\n\t0x7ff781b89e27\n\t0x7ff85b90e8d7\n\t0x7ff85ceac53c","time":{"start":1769739463841,"stop":1769739472323,"duration":8482}},{"uid":"6a9a190d3c27cb13","status":"passed","time":{"start":1769739160676,"stop":1769739188639,"duration":27963}},{"uid":"59cff179c96cf2c6","status":"passed","time":{"start":1769738711824,"stop":1769738741326,"duration":29502}},{"uid":"eb18d7d49e15a15","status":"passed","time":{"start":1769737893497,"stop":1769737927362,"duration":33865}}],"categories":[],"tags":["smoke"]},"source":"17e157cc05291cc8.json","parameterValues":[]}