{"uid":"69ac416d3713ab95","name":"test_Credkart_login_002","fullName":"testCases.test_Credkart_User_Profile_001.Test_User_Profile#test_Credkart_login_002","historyId":"c427c087e16384e881e60caa6190a7db","time":{"start":1769924109195,"stop":1769924114736,"duration":5541},"description":"This testcases is to validate CredKart website  user login","descriptionHtml":"<p>This testcases is to validate CredKart website  user login</p>\n","status":"broken","statusMessage":"selenium.common.exceptions.TimeoutException: Message: \nStacktrace:\nSymbols not available. Dumping unresolved backtrace:\n\t0x7ff7502887d5\n\t0x7ff7501f8e44\n\t0x7ff7505e31f2\n\t0x7ff750052d9e\n\t0x7ff750052ffb\n\t0x7ff75008e917\n\t0x7ff75004a2e5\n\t0x7ff75008c8de\n\t0x7ff75004982a\n\t0x7ff750048b33\n\t0x7ff750049653\n\t0x7ff7501322e4\n\t0x7ff75014109c\n\t0x7ff75013ac7f\n\t0x7ff750319b37\n\t0x7ff7502046a6\n\t0x7ff7501feab4\n\t0x7ff7501febf9\n\t0x7ff7501f2cbd\n\t0x7ff973c4e8d7\n\t0x7ff975e4c53c","statusTrace":"self = <testCases.test_Credkart_User_Profile_001.Test_User_Profile object at 0x000001C2D04DE5D0>\n\n    @allure.title(\"test_Credkart_login_002\")\n    @allure.severity(allure.severity_level.NORMAL)\n    @allure.epic(\"Epic: Userprofile: user login\")\n    @allure.description(\"This testcases is to validate CredKart website  user login\")\n    @allure.link(login_url)\n    @allure.issue(\"user login\")\n    @allure.story(\"CredKart : User login\")\n    @pytest.mark.smoke\n    @pytest.mark.flaky(reruns=1, rerun_delay=1)\n    #@pytest.mark.dependency(depends=[\"test_verify_Credkart_url_001\"])\n    @pytest.mark.order(2)\n    def test_Credkart_login_002(self):\n        self.log.info(\"Testcase test_Credkart_login_002 is started\")\n        self.driver.get(self.login_url)\n        self.log.info(f\"Opening browser and getting {self.login_url}\")\n    \n        # email_id = \"Credencetest@test.com\"\n        # pass_word = \"Credence@123\"\n        self.lp = Login_Page_Class(self.driver) # login page class object, and now we can access the methods\n    \n        # Enter Username\n        # email = self.driver.find_element(By.XPATH, \"//input[@id='email']\")\n        # email.send_keys(email_id)\n        self.log.info(f\"Entering the Email {self.email}\")\n>       self.lp.Enter_Email(self.email)\n\ntestCases\\test_Credkart_User_Profile_001.py:103: \n_ _ _ _ _ _ _ _ _ _ _ _ _ _ _ _ _ _ _ _ _ _ _ _ _ _ _ _ _ _ _ _ _ _ _ _ _ _ _ _\npageObjects\\Login_Page.py:18: in Enter_Email\n    self.wait.until(expected_conditions.visibility_of_element_located((By.ID, self.text_email_id)))\n_ _ _ _ _ _ _ _ _ _ _ _ _ _ _ _ _ _ _ _ _ _ _ _ _ _ _ _ _ _ _ _ _ _ _ _ _ _ _ _\n\nself = <selenium.webdriver.support.wait.WebDriverWait (session=\"f5d7869262ac119732af538061200c5c\")>\nmethod = <function visibility_of_element_located.<locals>._predicate at 0x000001C2D19852D0>\nmessage = ''\n\n    def until(self, method: Callable[[D], Literal[False] | T], message: str = \"\") -> T:\n        \"\"\"Wait until the method returns a value that is not False.\n    \n        Calls the method provided with the driver as an argument until the\n        return value does not evaluate to ``False``.\n    \n        Args:\n            method: A callable object that takes a WebDriver instance as an\n                argument.\n            message: Optional message for TimeoutException.\n    \n        Returns:\n            The result of the last call to `method`.\n    \n        Raises:\n            TimeoutException: If 'method' does not return a truthy value within\n                the WebDriverWait object's timeout.\n    \n        Example:\n            >>> from selenium.webdriver.common.by import By\n            >>> from selenium.webdriver.support.ui import WebDriverWait\n            >>> from selenium.webdriver.support import expected_conditions as EC\n            >>>\n            >>> # Wait until an element is visible on the page\n            >>> wait = WebDriverWait(driver, 10)\n            >>> element = wait.until(EC.visibility_of_element_located((By.ID, \"exampleId\")))\n            >>> print(element.text)\n        \"\"\"\n        screen = None\n        stacktrace = None\n    \n        end_time = time.monotonic() + self._timeout\n        while True:\n            try:\n                value = method(self._driver)\n                if value:\n                    return value\n            except self._ignored_exceptions as exc:\n                screen = getattr(exc, \"screen\", None)\n                stacktrace = getattr(exc, \"stacktrace\", None)\n            if time.monotonic() > end_time:\n                break\n            time.sleep(self._poll)\n>       raise TimeoutException(message, screen, stacktrace)\nE       selenium.common.exceptions.TimeoutException: Message: \nE       Stacktrace:\nE       Symbols not available. Dumping unresolved backtrace:\nE       \t0x7ff7502887d5\nE       \t0x7ff7501f8e44\nE       \t0x7ff7505e31f2\nE       \t0x7ff750052d9e\nE       \t0x7ff750052ffb\nE       \t0x7ff75008e917\nE       \t0x7ff75004a2e5\nE       \t0x7ff75008c8de\nE       \t0x7ff75004982a\nE       \t0x7ff750048b33\nE       \t0x7ff750049653\nE       \t0x7ff7501322e4\nE       \t0x7ff75014109c\nE       \t0x7ff75013ac7f\nE       \t0x7ff750319b37\nE       \t0x7ff7502046a6\nE       \t0x7ff7501feab4\nE       \t0x7ff7501febf9\nE       \t0x7ff7501f2cbd\nE       \t0x7ff973c4e8d7\nE       \t0x7ff975e4c53c\n\nC:\\Users\\suchi\\AppData\\Local\\Programs\\Python\\Python314\\Lib\\site-packages\\selenium\\webdriver\\support\\wait.py:121: TimeoutException","flaky":false,"newFailed":false,"newBroken":false,"newPassed":false,"retriesCount":12,"retriesStatusChange":true,"beforeStages":[{"name":"_session_faker","time":{"start":1769924093759,"stop":1769924094110,"duration":351},"status":"passed","steps":[],"attachments":[],"parameters":[],"hasContent":false,"attachmentsCount":0,"shouldDisplayMessage":false,"attachmentStep":false,"stepsCount":0},{"name":"browser_setup","time":{"start":1769924094111,"stop":1769924100502,"duration":6391},"status":"passed","steps":[],"attachments":[],"parameters":[],"hasContent":false,"attachmentsCount":0,"shouldDisplayMessage":false,"attachmentStep":false,"stepsCount":0}],"testStage":{"description":"This testcases is to validate CredKart website  user login","status":"broken","statusMessage":"selenium.common.exceptions.TimeoutException: Message: \nStacktrace:\nSymbols not available. Dumping unresolved backtrace:\n\t0x7ff7502887d5\n\t0x7ff7501f8e44\n\t0x7ff7505e31f2\n\t0x7ff750052d9e\n\t0x7ff750052ffb\n\t0x7ff75008e917\n\t0x7ff75004a2e5\n\t0x7ff75008c8de\n\t0x7ff75004982a\n\t0x7ff750048b33\n\t0x7ff750049653\n\t0x7ff7501322e4\n\t0x7ff75014109c\n\t0x7ff75013ac7f\n\t0x7ff750319b37\n\t0x7ff7502046a6\n\t0x7ff7501feab4\n\t0x7ff7501febf9\n\t0x7ff7501f2cbd\n\t0x7ff973c4e8d7\n\t0x7ff975e4c53c","statusTrace":"self = <testCases.test_Credkart_User_Profile_001.Test_User_Profile object at 0x000001C2D04DE5D0>\n\n    @allure.title(\"test_Credkart_login_002\")\n    @allure.severity(allure.severity_level.NORMAL)\n    @allure.epic(\"Epic: Userprofile: user login\")\n    @allure.description(\"This testcases is to validate CredKart website  user login\")\n    @allure.link(login_url)\n    @allure.issue(\"user login\")\n    @allure.story(\"CredKart : User login\")\n    @pytest.mark.smoke\n    @pytest.mark.flaky(reruns=1, rerun_delay=1)\n    #@pytest.mark.dependency(depends=[\"test_verify_Credkart_url_001\"])\n    @pytest.mark.order(2)\n    def test_Credkart_login_002(self):\n        self.log.info(\"Testcase test_Credkart_login_002 is started\")\n        self.driver.get(self.login_url)\n        self.log.info(f\"Opening browser and getting {self.login_url}\")\n    \n        # email_id = \"Credencetest@test.com\"\n        # pass_word = \"Credence@123\"\n        self.lp = Login_Page_Class(self.driver) # login page class object, and now we can access the methods\n    \n        # Enter Username\n        # email = self.driver.find_element(By.XPATH, \"//input[@id='email']\")\n        # email.send_keys(email_id)\n        self.log.info(f\"Entering the Email {self.email}\")\n>       self.lp.Enter_Email(self.email)\n\ntestCases\\test_Credkart_User_Profile_001.py:103: \n_ _ _ _ _ _ _ _ _ _ _ _ _ _ _ _ _ _ _ _ _ _ _ _ _ _ _ _ _ _ _ _ _ _ _ _ _ _ _ _\npageObjects\\Login_Page.py:18: in Enter_Email\n    self.wait.until(expected_conditions.visibility_of_element_located((By.ID, self.text_email_id)))\n_ _ _ _ _ _ _ _ _ _ _ _ _ _ _ _ _ _ _ _ _ _ _ _ _ _ _ _ _ _ _ _ _ _ _ _ _ _ _ _\n\nself = <selenium.webdriver.support.wait.WebDriverWait (session=\"f5d7869262ac119732af538061200c5c\")>\nmethod = <function visibility_of_element_located.<locals>._predicate at 0x000001C2D19852D0>\nmessage = ''\n\n    def until(self, method: Callable[[D], Literal[False] | T], message: str = \"\") -> T:\n        \"\"\"Wait until the method returns a value that is not False.\n    \n        Calls the method provided with the driver as an argument until the\n        return value does not evaluate to ``False``.\n    \n        Args:\n            method: A callable object that takes a WebDriver instance as an\n                argument.\n            message: Optional message for TimeoutException.\n    \n        Returns:\n            The result of the last call to `method`.\n    \n        Raises:\n            TimeoutException: If 'method' does not return a truthy value within\n                the WebDriverWait object's timeout.\n    \n        Example:\n            >>> from selenium.webdriver.common.by import By\n            >>> from selenium.webdriver.support.ui import WebDriverWait\n            >>> from selenium.webdriver.support import expected_conditions as EC\n            >>>\n            >>> # Wait until an element is visible on the page\n            >>> wait = WebDriverWait(driver, 10)\n            >>> element = wait.until(EC.visibility_of_element_located((By.ID, \"exampleId\")))\n            >>> print(element.text)\n        \"\"\"\n        screen = None\n        stacktrace = None\n    \n        end_time = time.monotonic() + self._timeout\n        while True:\n            try:\n                value = method(self._driver)\n                if value:\n                    return value\n            except self._ignored_exceptions as exc:\n                screen = getattr(exc, \"screen\", None)\n                stacktrace = getattr(exc, \"stacktrace\", None)\n            if time.monotonic() > end_time:\n                break\n            time.sleep(self._poll)\n>       raise TimeoutException(message, screen, stacktrace)\nE       selenium.common.exceptions.TimeoutException: Message: \nE       Stacktrace:\nE       Symbols not available. Dumping unresolved backtrace:\nE       \t0x7ff7502887d5\nE       \t0x7ff7501f8e44\nE       \t0x7ff7505e31f2\nE       \t0x7ff750052d9e\nE       \t0x7ff750052ffb\nE       \t0x7ff75008e917\nE       \t0x7ff75004a2e5\nE       \t0x7ff75008c8de\nE       \t0x7ff75004982a\nE       \t0x7ff750048b33\nE       \t0x7ff750049653\nE       \t0x7ff7501322e4\nE       \t0x7ff75014109c\nE       \t0x7ff75013ac7f\nE       \t0x7ff750319b37\nE       \t0x7ff7502046a6\nE       \t0x7ff7501feab4\nE       \t0x7ff7501febf9\nE       \t0x7ff7501f2cbd\nE       \t0x7ff973c4e8d7\nE       \t0x7ff975e4c53c\n\nC:\\Users\\suchi\\AppData\\Local\\Programs\\Python\\Python314\\Lib\\site-packages\\selenium\\webdriver\\support\\wait.py:121: TimeoutException","steps":[],"attachments":[{"uid":"5079ceb04889ac35","name":"log","source":"5079ceb04889ac35.txt","type":"text/plain","size":1464},{"uid":"e62ac4f15ea23570","name":"stdout","source":"e62ac4f15ea23570.txt","type":"text/plain","size":38}],"parameters":[],"hasContent":true,"attachmentsCount":2,"shouldDisplayMessage":true,"attachmentStep":false,"stepsCount":0},"afterStages":[{"name":"browser_setup::0","time":{"start":1769924114765,"stop":1769924117320,"duration":2555},"status":"passed","steps":[],"attachments":[],"parameters":[],"hasContent":false,"attachmentsCount":0,"shouldDisplayMessage":false,"attachmentStep":false,"stepsCount":0}],"labels":[{"name":"severity","value":"normal"},{"name":"epic","value":"Epic: Userprofile: user login"},{"name":"story","value":"CredKart : User login"},{"name":"tag","value":"smoke"},{"name":"parentSuite","value":"testCases"},{"name":"suite","value":"test_Credkart_User_Profile_001"},{"name":"subSuite","value":"Test_User_Profile"},{"name":"host","value":"Suchi"},{"name":"thread","value":"12168-MainThread"},{"name":"framework","value":"pytest"},{"name":"language","value":"cpython3"},{"name":"package","value":"testCases.test_Credkart_User_Profile_001"},{"name":"resultFormat","value":"allure2"}],"parameters":[],"links":[{"name":"user login","url":"user login","type":"issue"},{"name":"https://automation.credence.in/login","url":"https://automation.credence.in/login","type":"link"}],"hidden":false,"retry":false,"extra":{"severity":"normal","retries":[{"uid":"2b528f66a210dff5","status":"broken","statusDetails":"FileNotFoundError: [WinError 2] The system cannot find the file specified","time":{"start":1769924100506,"stop":1769924107239,"duration":6733}},{"uid":"6e0fb4c835a9c51d","status":"broken","statusDetails":"selenium.common.exceptions.TimeoutException: Message: \nStacktrace:\nRemoteError@chrome://remote/content/shared/RemoteError.sys.mjs:8:8\nWebDriverError@chrome://remote/content/shared/webdriver/Errors.sys.mjs:202:5\nNoSuchElementError@chrome://remote/content/shared/webdriver/Errors.sys.mjs:555:5\ndom.find/</<@chrome://remote/content/shared/DOM.sys.mjs:136:16","time":{"start":1769924054217,"stop":1769924059764,"duration":5547}},{"uid":"6d56ffd7f736c71b","status":"broken","statusDetails":"FileNotFoundError: [WinError 2] The system cannot find the file specified","time":{"start":1769924050364,"stop":1769924052877,"duration":2513}},{"uid":"1c0cc10eb197d3ce","status":"broken","statusDetails":"selenium.common.exceptions.TimeoutException: Message: \nStacktrace:\nSymbols not available. Dumping unresolved backtrace:\n\t0x7ff73c13a535\n\t0x7ff73c13a590\n\t0x7ff73bee10bd\n\t0x7ff73bf3c48e\n\t0x7ff73bf3c79c\n\t0x7ff73bf8d3a7\n\t0x7ff73bf89ef5\n\t0x7ff73bf2cc9c\n\t0x7ff73bf2dbe3\n\t0x7ff73c417b60\n\t0x7ff73c411f5d\n\t0x7ff73c43311a\n\t0x7ff73c1560a5\n\t0x7ff73c15e73c\n\t0x7ff73c143844\n\t0x7ff73c1439f6\n\t0x7ff73c129a07\n\t0x7ff973c4e8d7\n\t0x7ff975e4c53c","time":{"start":1769923991157,"stop":1769923996632,"duration":5475}},{"uid":"91520cc1f1c3b1c8","status":"broken","statusDetails":"FileNotFoundError: [WinError 2] The system cannot find the file specified","time":{"start":1769923984364,"stop":1769923989956,"duration":5592}},{"uid":"ff4033291b5b9b29","status":"broken","statusDetails":"selenium.common.exceptions.TimeoutException: Message: \nStacktrace:\nSymbols not available. Dumping unresolved backtrace:\n\t0x7ff72529a535\n\t0x7ff72529a590\n\t0x7ff7250410bd\n\t0x7ff72509c48e\n\t0x7ff72509c79c\n\t0x7ff7250ed3a7\n\t0x7ff7250e9ef5\n\t0x7ff72508cc9c\n\t0x7ff72508dbe3\n\t0x7ff725577b60\n\t0x7ff725571f5d\n\t0x7ff72559311a\n\t0x7ff7252b60a5\n\t0x7ff7252be73c\n\t0x7ff7252a3844\n\t0x7ff7252a39f6\n\t0x7ff725289a07\n\t0x7ff973c4e8d7\n\t0x7ff975e4c53c","time":{"start":1769764285642,"stop":1769764291208,"duration":5566}},{"uid":"76fcd41c71d156b8","status":"broken","statusDetails":"FileNotFoundError: [WinError 2] The system cannot find the file specified","time":{"start":1769764282205,"stop":1769764284783,"duration":2578}},{"uid":"6d770e7fd0e4ca58","status":"broken","statusDetails":"selenium.common.exceptions.NoSuchElementException: Message: no such element: Unable to locate element: {\"method\":\"css selector\",\"selector\":\"[id=\"email\"]\"}\n  (Session info: chrome=144.0.7559.97); For documentation on this error, please visit: https://www.selenium.dev/documentation/webdriver/troubleshooting/errors#nosuchelementexception\nStacktrace:\nSymbols not available. Dumping unresolved backtrace:\n\t0x7ff781b9a545\n\t0x7ff781b9a5a0\n\t0x7ff781940fed\n\t0x7ff78199c6d2\n\t0x7ff78199c9dc\n\t0x7ff7819ed5b7\n\t0x7ff7819ea10c\n\t0x7ff78198cedc\n\t0x7ff78198de23\n\t0x7ff781e78bb0\n\t0x7ff781e72fbd\n\t0x7ff781e9420a\n\t0x7ff781bb6e15\n\t0x7ff781bbf4dc\n\t0x7ff781ba3e54\n\t0x7ff781ba4006\n\t0x7ff781b89e27\n\t0x7ff85b90e8d7\n\t0x7ff85ceac53c","time":{"start":1769739468029,"stop":1769739473510,"duration":5481}},{"uid":"1c59cbe2e205fe14","status":"broken","statusDetails":"FileNotFoundError: [WinError 2] The system cannot find the file specified","time":{"start":1769739463849,"stop":1769739467244,"duration":3395}},{"uid":"cf37dedd95affd36","status":"passed","time":{"start":1769739160578,"stop":1769739168261,"duration":7683}},{"uid":"162b1502f44c739c","status":"passed","time":{"start":1769738711333,"stop":1769738719956,"duration":8623}},{"uid":"b5f38b95f02a866a","status":"passed","time":{"start":1769737894211,"stop":1769737906704,"duration":12493}}],"categories":[{"name":"Test defects","matchedStatuses":[]}],"tags":["smoke"]},"source":"69ac416d3713ab95.json","parameterValues":[]}