{"uid":"ff4033291b5b9b29","name":"test_Credkart_login_002","fullName":"testCases.test_Credkart_User_Profile_001.Test_User_Profile#test_Credkart_login_002","historyId":"c427c087e16384e881e60caa6190a7db","time":{"start":1769764285642,"stop":1769764291208,"duration":5566},"description":"This testcases is to validate CredKart website  user login","descriptionHtml":"<p>This testcases is to validate CredKart website  user login</p>\n","status":"broken","statusMessage":"selenium.common.exceptions.TimeoutException: Message: \nStacktrace:\nSymbols not available. Dumping unresolved backtrace:\n\t0x7ff72529a535\n\t0x7ff72529a590\n\t0x7ff7250410bd\n\t0x7ff72509c48e\n\t0x7ff72509c79c\n\t0x7ff7250ed3a7\n\t0x7ff7250e9ef5\n\t0x7ff72508cc9c\n\t0x7ff72508dbe3\n\t0x7ff725577b60\n\t0x7ff725571f5d\n\t0x7ff72559311a\n\t0x7ff7252b60a5\n\t0x7ff7252be73c\n\t0x7ff7252a3844\n\t0x7ff7252a39f6\n\t0x7ff725289a07\n\t0x7ff973c4e8d7\n\t0x7ff975e4c53c","statusTrace":"self = <testCases.test_Credkart_User_Profile_001.Test_User_Profile object at 0x000001D99FF5E710>\n\n    @allure.title(\"test_Credkart_login_002\")\n    @allure.severity(allure.severity_level.NORMAL)\n    @allure.epic(\"Epic: Userprofile: user login\")\n    @allure.description(\"This testcases is to validate CredKart website  user login\")\n    @allure.link(login_url)\n    @allure.issue(\"user login\")\n    @allure.story(\"CredKart : User login\")\n    @pytest.mark.smoke\n    @pytest.mark.flaky(reruns=1, rerun_delay=1)\n    #@pytest.mark.dependency(depends=[\"test_verify_Credkart_url_001\"])\n    @pytest.mark.order(2)\n    def test_Credkart_login_002(self):\n        self.log.info(\"Testcase test_Credkart_login_002 is started\")\n        self.driver.get(self.login_url)\n        self.log.info(f\"Opening browser and getting {self.login_url}\")\n    \n        # email_id = \"Credencetest@test.com\"\n        # pass_word = \"Credence@123\"\n        self.lp = Login_Page_Class(self.driver) # login page class object, and now we can access the methods\n    \n        # Enter Username\n        # email = self.driver.find_element(By.XPATH, \"//input[@id='email']\")\n        # email.send_keys(email_id)\n        self.log.info(f\"Entering the Email {self.email}\")\n>       self.lp.Enter_Email(self.email)\n\ntestCases\\test_Credkart_User_Profile_001.py:103: \n_ _ _ _ _ _ _ _ _ _ _ _ _ _ _ _ _ _ _ _ _ _ _ _ _ _ _ _ _ _ _ _ _ _ _ _ _ _ _ _\npageObjects\\Login_Page.py:18: in Enter_Email\n    self.wait.until(expected_conditions.visibility_of_element_located((By.ID, self.text_email_id)))\n_ _ _ _ _ _ _ _ _ _ _ _ _ _ _ _ _ _ _ _ _ _ _ _ _ _ _ _ _ _ _ _ _ _ _ _ _ _ _ _\n\nself = <selenium.webdriver.support.wait.WebDriverWait (session=\"5e1ed501f5fccb1450239dbe8effced4\")>\nmethod = <function visibility_of_element_located.<locals>._predicate at 0x000001D9A1082820>\nmessage = ''\n\n    def until(self, method: Callable[[D], Literal[False] | T], message: str = \"\") -> T:\n        \"\"\"Wait until the method returns a value that is not False.\n    \n        Calls the method provided with the driver as an argument until the\n        return value does not evaluate to ``False``.\n    \n        Args:\n            method: A callable object that takes a WebDriver instance as an\n                argument.\n            message: Optional message for TimeoutException.\n    \n        Returns:\n            The result of the last call to `method`.\n    \n        Raises:\n            TimeoutException: If 'method' does not return a truthy value within\n                the WebDriverWait object's timeout.\n    \n        Example:\n            >>> from selenium.webdriver.common.by import By\n            >>> from selenium.webdriver.support.ui import WebDriverWait\n            >>> from selenium.webdriver.support import expected_conditions as EC\n            >>>\n            >>> # Wait until an element is visible on the page\n            >>> wait = WebDriverWait(driver, 10)\n            >>> element = wait.until(EC.visibility_of_element_located((By.ID, \"exampleId\")))\n            >>> print(element.text)\n        \"\"\"\n        screen = None\n        stacktrace = None\n    \n        end_time = time.monotonic() + self._timeout\n        while True:\n            try:\n                value = method(self._driver)\n                if value:\n                    return value\n            except self._ignored_exceptions as exc:\n                screen = getattr(exc, \"screen\", None)\n                stacktrace = getattr(exc, \"stacktrace\", None)\n            if time.monotonic() > end_time:\n                break\n            time.sleep(self._poll)\n>       raise TimeoutException(message, screen, stacktrace)\nE       selenium.common.exceptions.TimeoutException: Message: \nE       Stacktrace:\nE       Symbols not available. Dumping unresolved backtrace:\nE       \t0x7ff72529a535\nE       \t0x7ff72529a590\nE       \t0x7ff7250410bd\nE       \t0x7ff72509c48e\nE       \t0x7ff72509c79c\nE       \t0x7ff7250ed3a7\nE       \t0x7ff7250e9ef5\nE       \t0x7ff72508cc9c\nE       \t0x7ff72508dbe3\nE       \t0x7ff725577b60\nE       \t0x7ff725571f5d\nE       \t0x7ff72559311a\nE       \t0x7ff7252b60a5\nE       \t0x7ff7252be73c\nE       \t0x7ff7252a3844\nE       \t0x7ff7252a39f6\nE       \t0x7ff725289a07\nE       \t0x7ff973c4e8d7\nE       \t0x7ff975e4c53c\n\n.venv\\Lib\\site-packages\\selenium\\webdriver\\support\\wait.py:121: TimeoutException","flaky":false,"newFailed":false,"newBroken":false,"newPassed":false,"retriesCount":0,"retriesStatusChange":false,"beforeStages":[{"name":"_session_faker","time":{"start":1769764278845,"stop":1769764279063,"duration":218},"status":"passed","steps":[],"attachments":[],"parameters":[],"hasContent":false,"attachmentsCount":0,"shouldDisplayMessage":false,"attachmentStep":false,"stepsCount":0},{"name":"browser_setup","time":{"start":1769764279064,"stop":1769764282203,"duration":3139},"status":"passed","steps":[],"attachments":[],"parameters":[],"hasContent":false,"attachmentsCount":0,"shouldDisplayMessage":false,"attachmentStep":false,"stepsCount":0}],"testStage":{"description":"This testcases is to validate CredKart website  user login","status":"broken","statusMessage":"selenium.common.exceptions.TimeoutException: Message: \nStacktrace:\nSymbols not available. Dumping unresolved backtrace:\n\t0x7ff72529a535\n\t0x7ff72529a590\n\t0x7ff7250410bd\n\t0x7ff72509c48e\n\t0x7ff72509c79c\n\t0x7ff7250ed3a7\n\t0x7ff7250e9ef5\n\t0x7ff72508cc9c\n\t0x7ff72508dbe3\n\t0x7ff725577b60\n\t0x7ff725571f5d\n\t0x7ff72559311a\n\t0x7ff7252b60a5\n\t0x7ff7252be73c\n\t0x7ff7252a3844\n\t0x7ff7252a39f6\n\t0x7ff725289a07\n\t0x7ff973c4e8d7\n\t0x7ff975e4c53c","statusTrace":"self = <testCases.test_Credkart_User_Profile_001.Test_User_Profile object at 0x000001D99FF5E710>\n\n    @allure.title(\"test_Credkart_login_002\")\n    @allure.severity(allure.severity_level.NORMAL)\n    @allure.epic(\"Epic: Userprofile: user login\")\n    @allure.description(\"This testcases is to validate CredKart website  user login\")\n    @allure.link(login_url)\n    @allure.issue(\"user login\")\n    @allure.story(\"CredKart : User login\")\n    @pytest.mark.smoke\n    @pytest.mark.flaky(reruns=1, rerun_delay=1)\n    #@pytest.mark.dependency(depends=[\"test_verify_Credkart_url_001\"])\n    @pytest.mark.order(2)\n    def test_Credkart_login_002(self):\n        self.log.info(\"Testcase test_Credkart_login_002 is started\")\n        self.driver.get(self.login_url)\n        self.log.info(f\"Opening browser and getting {self.login_url}\")\n    \n        # email_id = \"Credencetest@test.com\"\n        # pass_word = \"Credence@123\"\n        self.lp = Login_Page_Class(self.driver) # login page class object, and now we can access the methods\n    \n        # Enter Username\n        # email = self.driver.find_element(By.XPATH, \"//input[@id='email']\")\n        # email.send_keys(email_id)\n        self.log.info(f\"Entering the Email {self.email}\")\n>       self.lp.Enter_Email(self.email)\n\ntestCases\\test_Credkart_User_Profile_001.py:103: \n_ _ _ _ _ _ _ _ _ _ _ _ _ _ _ _ _ _ _ _ _ _ _ _ _ _ _ _ _ _ _ _ _ _ _ _ _ _ _ _\npageObjects\\Login_Page.py:18: in Enter_Email\n    self.wait.until(expected_conditions.visibility_of_element_located((By.ID, self.text_email_id)))\n_ _ _ _ _ _ _ _ _ _ _ _ _ _ _ _ _ _ _ _ _ _ _ _ _ _ _ _ _ _ _ _ _ _ _ _ _ _ _ _\n\nself = <selenium.webdriver.support.wait.WebDriverWait (session=\"5e1ed501f5fccb1450239dbe8effced4\")>\nmethod = <function visibility_of_element_located.<locals>._predicate at 0x000001D9A1082820>\nmessage = ''\n\n    def until(self, method: Callable[[D], Literal[False] | T], message: str = \"\") -> T:\n        \"\"\"Wait until the method returns a value that is not False.\n    \n        Calls the method provided with the driver as an argument until the\n        return value does not evaluate to ``False``.\n    \n        Args:\n            method: A callable object that takes a WebDriver instance as an\n                argument.\n            message: Optional message for TimeoutException.\n    \n        Returns:\n            The result of the last call to `method`.\n    \n        Raises:\n            TimeoutException: If 'method' does not return a truthy value within\n                the WebDriverWait object's timeout.\n    \n        Example:\n            >>> from selenium.webdriver.common.by import By\n            >>> from selenium.webdriver.support.ui import WebDriverWait\n            >>> from selenium.webdriver.support import expected_conditions as EC\n            >>>\n            >>> # Wait until an element is visible on the page\n            >>> wait = WebDriverWait(driver, 10)\n            >>> element = wait.until(EC.visibility_of_element_located((By.ID, \"exampleId\")))\n            >>> print(element.text)\n        \"\"\"\n        screen = None\n        stacktrace = None\n    \n        end_time = time.monotonic() + self._timeout\n        while True:\n            try:\n                value = method(self._driver)\n                if value:\n                    return value\n            except self._ignored_exceptions as exc:\n                screen = getattr(exc, \"screen\", None)\n                stacktrace = getattr(exc, \"stacktrace\", None)\n            if time.monotonic() > end_time:\n                break\n            time.sleep(self._poll)\n>       raise TimeoutException(message, screen, stacktrace)\nE       selenium.common.exceptions.TimeoutException: Message: \nE       Stacktrace:\nE       Symbols not available. Dumping unresolved backtrace:\nE       \t0x7ff72529a535\nE       \t0x7ff72529a590\nE       \t0x7ff7250410bd\nE       \t0x7ff72509c48e\nE       \t0x7ff72509c79c\nE       \t0x7ff7250ed3a7\nE       \t0x7ff7250e9ef5\nE       \t0x7ff72508cc9c\nE       \t0x7ff72508dbe3\nE       \t0x7ff725577b60\nE       \t0x7ff725571f5d\nE       \t0x7ff72559311a\nE       \t0x7ff7252b60a5\nE       \t0x7ff7252be73c\nE       \t0x7ff7252a3844\nE       \t0x7ff7252a39f6\nE       \t0x7ff725289a07\nE       \t0x7ff973c4e8d7\nE       \t0x7ff975e4c53c\n\n.venv\\Lib\\site-packages\\selenium\\webdriver\\support\\wait.py:121: TimeoutException","steps":[],"attachments":[{"uid":"7064dcb1ec9fe091","name":"log","source":"7064dcb1ec9fe091.txt","type":"text/plain","size":1022},{"uid":"f1745ba3564987d4","name":"stdout","source":"f1745ba3564987d4.txt","type":"text/plain","size":16}],"parameters":[],"hasContent":true,"attachmentsCount":2,"shouldDisplayMessage":true,"attachmentStep":false,"stepsCount":0},"afterStages":[{"name":"browser_setup::0","time":{"start":1769764291227,"stop":1769764293652,"duration":2425},"status":"passed","steps":[],"attachments":[],"parameters":[],"hasContent":false,"attachmentsCount":0,"shouldDisplayMessage":false,"attachmentStep":false,"stepsCount":0}],"labels":[{"name":"epic","value":"Epic: Userprofile: user login"},{"name":"severity","value":"normal"},{"name":"story","value":"CredKart : User login"},{"name":"tag","value":"smoke"},{"name":"parentSuite","value":"testCases"},{"name":"suite","value":"test_Credkart_User_Profile_001"},{"name":"subSuite","value":"Test_User_Profile"},{"name":"host","value":"Suchi"},{"name":"thread","value":"9588-MainThread"},{"name":"framework","value":"pytest"},{"name":"language","value":"cpython3"},{"name":"package","value":"testCases.test_Credkart_User_Profile_001"},{"name":"resultFormat","value":"allure2"}],"parameters":[],"links":[{"name":"user login","url":"user login","type":"issue"},{"name":"https://automation.credence.in/login","url":"https://automation.credence.in/login","type":"link"}],"hidden":true,"retry":true,"extra":{"categories":[],"tags":["smoke"]},"source":"ff4033291b5b9b29.json","parameterValues":[]}